Looking for git in: git
Using git 2.25.1 from git
Opening repository for path='/var/www/testing' failed; ex=Failed to execute git {
  "exitCode": 128,
  "gitErrorCode": "NotAGitRepository",
  "gitCommand": "rev-parse",
  "stdout": "",
  "stderr": "fatal: not a git repository (or any of the parent directories): .git\n"
}
Opening repository for path='/var/www/testing/.editorconfig' failed; ex=Error: spawn ENOTDIR
Opening repository for path='/var/www/testing/.env' failed; ex=Error: spawn ENOTDIR
Opening repository for path='/var/www/testing/.env.example' failed; ex=Error: spawn ENOTDIR
Opening repository for path='/var/www/testing/.gitattributes' failed; ex=Error: spawn ENOTDIR
Opening repository for path='/var/www/testing/.gitignore' failed; ex=Error: spawn ENOTDIR
Opening repository for path='/var/www/testing/.styleci.yml' failed; ex=Error: spawn ENOTDIR
Opening repository for path='/var/www/testing/README.md' failed; ex=Error: spawn ENOTDIR
Opening repository for path='/var/www/testing/app' failed; ex=Failed to execute git {
  "exitCode": 128,
  "gitErrorCode": "NotAGitRepository",
  "gitCommand": "rev-parse",
  "stdout": "",
  "stderr": "fatal: not a git repository (or any of the parent directories): .git\n"
}
Opening repository for path='/var/www/testing/artisan' failed; ex=Error: spawn ENOTDIR
Opening repository for path='/var/www/testing/bootstrap' failed; ex=Failed to execute git {
  "exitCode": 128,
  "gitErrorCode": "NotAGitRepository",
  "gitCommand": "rev-parse",
  "stdout": "",
  "stderr": "fatal: not a git repository (or any of the parent directories): .git\n"
}
Opening repository for path='/var/www/testing/composer.json' failed; ex=Error: spawn ENOTDIR
Opening repository for path='/var/www/testing/composer.lock' failed; ex=Error: spawn ENOTDIR
Opening repository for path='/var/www/testing/config' failed; ex=Failed to execute git {
  "exitCode": 128,
  "gitErrorCode": "NotAGitRepository",
  "gitCommand": "rev-parse",
  "stdout": "",
  "stderr": "fatal: not a git repository (or any of the parent directories): .git\n"
}
Opening repository for path='/var/www/testing/database' failed; ex=Failed to execute git {
  "exitCode": 128,
  "gitErrorCode": "NotAGitRepository",
  "gitCommand": "rev-parse",
  "stdout": "",
  "stderr": "fatal: not a git repository (or any of the parent directories): .git\n"
}
Opening repository for path='/var/www/testing/package.json' failed; ex=Error: spawn ENOTDIR
Opening repository for path='/var/www/testing/phpunit.xml' failed; ex=Error: spawn ENOTDIR
Opening repository for path='/var/www/testing/public' failed; ex=Failed to execute git {
  "exitCode": 128,
  "gitErrorCode": "NotAGitRepository",
  "gitCommand": "rev-parse",
  "stdout": "",
  "stderr": "fatal: not a git repository (or any of the parent directories): .git\n"
}
Opening repository for path='/var/www/testing/resources' failed; ex=Failed to execute git {
  "exitCode": 128,
  "gitErrorCode": "NotAGitRepository",
  "gitCommand": "rev-parse",
  "stdout": "",
  "stderr": "fatal: not a git repository (or any of the parent directories): .git\n"
}
Opening repository for path='/var/www/testing/routes' failed; ex=Failed to execute git {
  "exitCode": 128,
  "gitErrorCode": "NotAGitRepository",
  "gitCommand": "rev-parse",
  "stdout": "",
  "stderr": "fatal: not a git repository (or any of the parent directories): .git\n"
}
Opening repository for path='/var/www/testing/server.php' failed; ex=Error: spawn ENOTDIR
Opening repository for path='/var/www/testing/storage' failed; ex=Failed to execute git {
  "exitCode": 128,
  "gitErrorCode": "NotAGitRepository",
  "gitCommand": "rev-parse",
  "stdout": "",
  "stderr": "fatal: not a git repository (or any of the parent directories): .git\n"
}
Opening repository for path='/var/www/testing/tests' failed; ex=Failed to execute git {
  "exitCode": 128,
  "gitErrorCode": "NotAGitRepository",
  "gitCommand": "rev-parse",
  "stdout": "",
  "stderr": "fatal: not a git repository (or any of the parent directories): .git\n"
}
Opening repository for path='/var/www/testing/vendor' failed; ex=Failed to execute git {
  "exitCode": 128,
  "gitErrorCode": "NotAGitRepository",
  "gitCommand": "rev-parse",
  "stdout": "",
  "stderr": "fatal: not a git repository (or any of the parent directories): .git\n"
}
Opening repository for path='/var/www/testing/webpack.mix.js' failed; ex=Error: spawn ENOTDIR
Opening repository for path='/var/www/testing/~' failed; ex=Failed to execute git {
  "exitCode": 128,
  "gitErrorCode": "NotAGitRepository",
  "gitCommand": "rev-parse",
  "stdout": "",
  "stderr": "fatal: not a git repository (or any of the parent directories): .git\n"
}
